<?xml version="1.0" encoding="UTF-8"?>
<testsuite xmlns:xsi="http://www.w3.org/2001/XMLSchema-instance" xsi:noNamespaceSchemaLocation="https://maven.apache.org/surefire/maven-surefire-plugin/xsd/surefire-test-report-3.0.xsd" version="3.0" name="com.example.calculationservice.CalculatorIntegrationTest" time="0.559" tests="20" errors="0" skipped="0" failures="0">
  <properties>
[...]
</properties>
  <testcase name="testAdd_ReturnsCorrectResult" classname="com.example.calculationservice.CalculatorIntegrationTest" time="0.036">
    <system-out><![CDATA[2026-03-10T09:50:15.142+05:30  INFO 10583 --- [calculation-service] [           main] t.c.s.AnnotationConfigContextLoaderUtils : Could not detect default configuration classes for test class [com.example.calculationservice.CalculatorIntegrationTest]: CalculatorIntegrationTest does not declare any static, non-private, non-final, nested classes annotated with @Configuration.
2026-03-10T09:50:15.152+05:30  INFO 10583 --- [calculation-service] [           main] .b.t.c.SpringBootTestContextBootstrapper : Found @SpringBootConfiguration com.example.calculationservice.CalculationServiceApplication for test class com.example.calculationservice.CalculatorIntegrationTest

  .   ____          _            __ _ _
 /\\ / ___'_ __ _ _(_)_ __  __ _ \ \ \ \
( ( )\___ | '_ | '_| | '_ \/ _` | \ \ \ \
 \\/  ___)| |_)| | | | | || (_| |  ) ) ) )
  '  |____| .__|_| |_|_| |_\__, | / / / /
 =========|_|==============|___/=/_/_/_/
 :: Spring Boot ::                (v3.2.0)

2026-03-10T09:50:15.190+05:30  INFO 10583 --- [calculation-service] [           main] c.e.c.CalculatorIntegrationTest          : Starting CalculatorIntegrationTest using Java 17.0.8 with PID 10583 (started by nag in /Users/nag/fidelity-batch2/play-with-devops-tools/calculation-service)
2026-03-10T09:50:15.191+05:30  INFO 10583 --- [calculation-service] [           main] c.e.c.CalculatorIntegrationTest          : No active profile set, falling back to 1 default profile: "default"
2026-03-10T09:50:15.465+05:30  INFO 10583 --- [calculation-service] [           main] o.s.b.t.m.w.SpringBootMockServletContext : Initializing Spring TestDispatcherServlet ''
2026-03-10T09:50:15.465+05:30  INFO 10583 --- [calculation-service] [           main] o.s.t.web.servlet.TestDispatcherServlet  : Initializing Servlet ''
2026-03-10T09:50:15.466+05:30  INFO 10583 --- [calculation-service] [           main] o.s.t.web.servlet.TestDispatcherServlet  : Completed initialization in 1 ms
2026-03-10T09:50:15.482+05:30  INFO 10583 --- [calculation-service] [           main] c.e.c.CalculatorIntegrationTest          : Started CalculatorIntegrationTest in 0.319 seconds (process running for 5.793)
]]></system-out>
  </testcase>
  <testcase name="testDivide_FractionResult" classname="com.example.calculationservice.CalculatorIntegrationTest" time="0.006"/>
  <testcase name="testSubtract_SameNumbers_ReturnsZero" classname="com.example.calculationservice.CalculatorIntegrationTest" time="0.004"/>
  <testcase name="testMultiply_ReturnsCorrectResult" classname="com.example.calculationservice.CalculatorIntegrationTest" time="0.003"/>
  <testcase name="testDivide_InvalidParamType_Returns400" classname="com.example.calculationservice.CalculatorIntegrationTest" time="0.007">
    <system-out><![CDATA[2026-03-10T09:50:15.555+05:30  WARN 10583 --- [calculation-service] [           main] .w.s.m.s.DefaultHandlerExceptionResolver : Resolved [org.springframework.web.method.annotation.MethodArgumentTypeMismatchException: Failed to convert value of type 'java.lang.String' to required type 'int'; For input string: "xyz"]
]]></system-out>
  </testcase>
  <testcase name="testAdd_MissingParamB_Returns400" classname="com.example.calculationservice.CalculatorIntegrationTest" time="0.003">
    <system-out><![CDATA[2026-03-10T09:50:15.559+05:30  WARN 10583 --- [calculation-service] [           main] .w.s.m.s.DefaultHandlerExceptionResolver : Resolved [org.springframework.web.bind.MissingServletRequestParameterException: Required request parameter 'b' for method parameter type int is not present]
]]></system-out>
  </testcase>
  <testcase name="testAdd_PositiveAndNegative" classname="com.example.calculationservice.CalculatorIntegrationTest" time="0.005"/>
  <testcase name="testMultiply_NegativeAndPositive" classname="com.example.calculationservice.CalculatorIntegrationTest" time="0.003"/>
  <testcase name="testSubtract_MissingAllParams_Returns400" classname="com.example.calculationservice.CalculatorIntegrationTest" time="0.008">
    <system-out><![CDATA[2026-03-10T09:50:15.577+05:30  WARN 10583 --- [calculation-service] [           main] .w.s.m.s.DefaultHandlerExceptionResolver : Resolved [org.springframework.web.bind.MissingServletRequestParameterException: Required request parameter 'a' for method parameter type int is not present]
]]></system-out>
  </testcase>
  <testcase name="testServiceAndControllerReturnSameResult_Divide" classname="com.example.calculationservice.CalculatorIntegrationTest" time="0.004"/>
  <testcase name="testSubtract_ReturnsCorrectResult" classname="com.example.calculationservice.CalculatorIntegrationTest" time="0.005"/>
  <testcase name="testServiceAndControllerReturnSameResult_Add" classname="com.example.calculationservice.CalculatorIntegrationTest" time="0.005"/>
  <testcase name="testAdd_PostMethod_Returns405" classname="com.example.calculationservice.CalculatorIntegrationTest" time="0.006">
    <system-out><![CDATA[2026-03-10T09:50:15.600+05:30  WARN 10583 --- [calculation-service] [           main] .w.s.m.s.DefaultHandlerExceptionResolver : Resolved [org.springframework.web.HttpRequestMethodNotSupportedException: Request method 'POST' is not supported]
]]></system-out>
  </testcase>
  <testcase name="contextLoads" classname="com.example.calculationservice.CalculatorIntegrationTest" time="0.056"/>
  <testcase name="testAdd_WithLargeNumbers" classname="com.example.calculationservice.CalculatorIntegrationTest" time="0.005"/>
  <testcase name="testDivide_ReturnsCorrectResult" classname="com.example.calculationservice.CalculatorIntegrationTest" time="0.004"/>
  <testcase name="testDivide_ByZero_ThrowsIllegalArgument" classname="com.example.calculationservice.CalculatorIntegrationTest" time="0.004"/>
  <testcase name="testMultiply_InvalidParamType_Returns400" classname="com.example.calculationservice.CalculatorIntegrationTest" time="0.004">
    <system-out><![CDATA[2026-03-10T09:50:15.681+05:30  WARN 10583 --- [calculation-service] [           main] .w.s.m.s.DefaultHandlerExceptionResolver : Resolved [org.springframework.web.method.annotation.MethodArgumentTypeMismatchException: Failed to convert value of type 'java.lang.String' to required type 'int'; For input string: "abc"]
]]></system-out>
  </testcase>
  <testcase name="testInvalidEndpoint_Returns404" classname="com.example.calculationservice.CalculatorIntegrationTest" time="0.009"/>
  <testcase name="testMultiply_WithOne_ReturnsSameNumber" classname="com.example.calculationservice.CalculatorIntegrationTest" time="0.004"/>
</testsuite>